<?xml version="1.0" encoding="UTF-8"?>
<!-- Generated by org.testng.reporters.JUnitXMLReporter -->
<testsuite ignored="0" hostname="danniyax-mobl2" failures="0" tests="4" name="Parallel Test0" time="74.536" errors="0" timestamp="08 Jun 2021 13:21:37 GMT">
  <testcase classname="Test.AlertTesting" name="alertest4" time="0.977"/>
  <testcase classname="Test.AlertTesting" name="alerttest1" time="0.966"/>
  <testcase classname="Test.AlertTesting" name="alerttest2" time="6.077"/>
  <testcase classname="Test.AlertTesting" name="alerttest3" time="0.977"/>
</testsuite> <!-- Parallel Test0 -->
