<?xml version="1.0" encoding="UTF-8"?>
<!-- Generated by org.testng.reporters.JUnitXMLReporter -->
<testsuite ignored="0" hostname="danniyax-mobl2" failures="0" tests="5" name="Parallel Test0" time="32.767" errors="0" timestamp="08 Jun 2021 14:30:22 GMT">
  <testcase classname="Pack.SauceDemo" name="input1" time="0.353"/>
  <testcase classname="Pack.SauceDemo" name="input2" time="0.46"/>
  <testcase classname="Pack.Demoqa" name="input1" time="0.207"/>
  <testcase classname="Pack.SauceDemo" name="input3" time="5.621"/>
  <testcase classname="Pack.Demoqa" name="input2" time="0.144"/>
</testsuite> <!-- Parallel Test0 -->
