<?xml version="1.0" encoding="UTF-8"?>
<!-- Generated by org.testng.reporters.JUnitXMLReporter -->
<testsuite ignored="0" hostname="danniyax-mobl2" failures="0" tests="3" name="Default test" time="9.628" errors="0" timestamp="08 Jun 2021 13:02:50 GMT">
  <testcase classname="DemoTest.Datainput" name="test1" time="2.748"/>
  <testcase classname="DemoTest.Datainput" name="test2" time="0.159"/>
  <testcase classname="DemoTest.Datainput" name="test3" time="0.212"/>
</testsuite> <!-- Default test -->
