<?xml version="1.0" encoding="UTF-8"?>
<!-- Generated by org.testng.reporters.JUnitXMLReporter -->
<testsuite ignored="0" hostname="danniyax-mobl2" failures="0" tests="0" time="0.056" errors="0" timestamp="01 Jul 2021 14:43:34 GMT">
  <testcase classname="DemoappTest.LoginTest" name="@BeforeTest loginTest" time="0.03">
    <failure type="java.lang.NullPointerException">
      <![CDATA[java.lang.NullPointerException
at java.base/java.util.Objects.requireNonNull(Unknown Source)
at org.openqa.selenium.support.ui.FluentWait.<init>(FluentWait.java:106)
at org.openqa.selenium.support.ui.WebDriverWait.<init>(WebDriverWait.java:85)
at org.openqa.selenium.support.ui.WebDriverWait.<init>(WebDriverWait.java:45)
at UtilsPackage.WaitElements.waitForElement(WaitElements.java:19)
at DemoappPages.LoginPage.enterUsername(LoginPage.java:37)
at DemoappTest.LoginTest.loginTest(LoginTest.java:15)
... Removed 24 stack frames]]>
    </failure>
  </testcase> <!-- @BeforeTest loginTest -->
  <testcase classname="DemoappTest.LoginTest" name="@AfterTest exit" time="0.0">
    <skipped/>
  </testcase> <!-- @AfterTest exit -->
</testsuite>
