<?xml version="1.0" encoding="UTF-8"?>
<!-- Generated by org.testng.reporters.JUnitXMLReporter -->
<testsuite ignored="3" hostname="danniyax-mobl2" failures="0" tests="2" name="Sequential Test0" time="25.949" errors="0" timestamp="08 Jun 2021 14:45:25 GMT">
  <testcase classname="Pack.Demoqa" name="input1" time="0.212"/>
  <testcase classname="Pack.SauceDemo" name="input2" time="0.548"/>
  <testcase classname="Pack.Demoqa" name="input2" time="0.0">
    <ignored/>
  </testcase> <!-- input2 -->
  <testcase classname="Pack.SauceDemo" name="input1" time="0.0">
    <ignored/>
  </testcase> <!-- input1 -->
  <testcase classname="Pack.SauceDemo" name="input3" time="0.0">
    <ignored/>
  </testcase> <!-- input3 -->
</testsuite> <!-- Sequential Test0 -->
