<?xml version="1.0" encoding="UTF-8"?>
<!-- Generated by org.testng.reporters.JUnitXMLReporter -->
<testsuite ignored="1" hostname="danniyax-mobl2" failures="1" tests="1" name="Test0" time="0.034" errors="0" timestamp="14 Jun 2021 05:56:40 GMT">
  <testcase classname="DemoappTest.LoginTest" name="createBug" time="0.011">
    <failure type="java.lang.NullPointerException">
      <![CDATA[java.lang.NullPointerException
at DemoappTest.LoginTest.createBug(LoginTest.java:54)
... Removed 25 stack frames]]>
    </failure>
  </testcase> <!-- createBug -->
  <testcase classname="DemoappTest.LoginTest" name="createProfile" time="0.0">
    <ignored/>
  </testcase> <!-- createProfile -->
</testsuite> <!-- Test0 -->
